<?xml version="1.0" encoding="UTF-8"?>
<testsuite xmlns:xsi="http://www.w3.org/2001/XMLSchema-instance" xsi:noNamespaceSchemaLocation="https://maven.apache.org/surefire/maven-surefire-plugin/xsd/surefire-test-report-3.0.xsd" version="3.0" name="org.programa.MicroorganismoTest" time="0.365" tests="20" errors="0" skipped="0" failures="0">
  <properties>
[...]
</properties>
  <testcase name="estatus" classname="org.programa.MicroorganismoTest" time="0.023"/>
  <testcase name="TestOrgano" classname="org.programa.MicroorganismoTest" time="0.02"/>
  <testcase name="isDamage" classname="org.programa.MicroorganismoTest" time="0.005"/>
  <testcase name="getVida" classname="org.programa.MicroorganismoTest" time="0.002"/>
  <testcase name="TestBajarVida" classname="org.programa.MicroorganismoTest" time="0.006"/>
  <testcase name="TestBajarVida" classname="org.programa.MicroorganismoTest" time="0.006"/>
  <testcase name="TestBajarVida" classname="org.programa.MicroorganismoTest" time="0"/>
  <testcase name="TestBajarVida" classname="org.programa.MicroorganismoTest" time="0.002"/>
  <testcase name="TestBajarVida" classname="org.programa.MicroorganismoTest" time="0"/>
  <testcase name="TestBajarVida" classname="org.programa.MicroorganismoTest" time="0"/>
  <testcase name="TestBajarVida" classname="org.programa.MicroorganismoTest" time="0.037"/>
  <testcase name="TestBajarVida" classname="org.programa.MicroorganismoTest" time="0"/>
  <testcase name="TestBajarVida" classname="org.programa.MicroorganismoTest" time="0.005"/>
  <testcase name="TestBajarVida" classname="org.programa.MicroorganismoTest" time="0.003"/>
  <testcase name="TestLugares(String)[1]" classname="org.programa.MicroorganismoTest" time="0.061"/>
  <testcase name="TestLugares(String)[2]" classname="org.programa.MicroorganismoTest" time="0"/>
  <testcase name="TestLugares(String)[3]" classname="org.programa.MicroorganismoTest" time="0.002"/>
  <testcase name="TestLugares(String)[4]" classname="org.programa.MicroorganismoTest" time="0"/>
  <testcase name="TestLugares(String)[5]" classname="org.programa.MicroorganismoTest" time="0.005"/>
  <testcase name="setVida" classname="org.programa.MicroorganismoTest" time="0"/>
</testsuite>